Determining if the pthread_create exist failed with the following output:
Change Dir: /home/pi/deep_drive/raspberry/picam/mjpg-streamer/mjpg-streamer-experimental/_build/CMakeFiles/CMakeTmp

Run Build Command:"/usr/bin/make" "cmTC_38497/fast"
make[1]: Entering directory '/home/pi/deep_drive/raspberry/picam/mjpg-streamer/mjpg-streamer-experimental/_build/CMakeFiles/CMakeTmp'
/usr/bin/make -f CMakeFiles/cmTC_38497.dir/build.make CMakeFiles/cmTC_38497.dir/build
make[2]: Entering directory '/home/pi/deep_drive/raspberry/picam/mjpg-streamer/mjpg-streamer-experimental/_build/CMakeFiles/CMakeTmp'
Building C object CMakeFiles/cmTC_38497.dir/CheckSymbolExists.c.o
/usr/bin/cc     -o CMakeFiles/cmTC_38497.dir/CheckSymbolExists.c.o   -c /home/pi/deep_drive/raspberry/picam/mjpg-streamer/mjpg-streamer-experimental/_build/CMakeFiles/CMakeTmp/CheckSymbolExists.c
Linking C executable cmTC_38497
/usr/bin/cmake -E cmake_link_script CMakeFiles/cmTC_38497.dir/link.txt --verbose=1
/usr/bin/cc       CMakeFiles/cmTC_38497.dir/CheckSymbolExists.c.o  -o cmTC_38497 -rdynamic 
CMakeFiles/cmTC_38497.dir/CheckSymbolExists.c.o: In function `main':
CheckSymbolExists.c:(.text+0x38): undefined reference to `pthread_create'
collect2: error: ld returned 1 exit status
CMakeFiles/cmTC_38497.dir/build.make:97: recipe for target 'cmTC_38497' failed
make[2]: *** [cmTC_38497] Error 1
make[2]: Leaving directory '/home/pi/deep_drive/raspberry/picam/mjpg-streamer/mjpg-streamer-experimental/_build/CMakeFiles/CMakeTmp'
Makefile:126: recipe for target 'cmTC_38497/fast' failed
make[1]: *** [cmTC_38497/fast] Error 2
make[1]: Leaving directory '/home/pi/deep_drive/raspberry/picam/mjpg-streamer/mjpg-streamer-experimental/_build/CMakeFiles/CMakeTmp'

File /home/pi/deep_drive/raspberry/picam/mjpg-streamer/mjpg-streamer-experimental/_build/CMakeFiles/CMakeTmp/CheckSymbolExists.c:
/* */
#include <pthread.h>

int main(int argc, char** argv)
{
  (void)argv;
#ifndef pthread_create
  return ((int*)(&pthread_create))[argc];
#else
  (void)argc;
  return 0;
#endif
}

Determining if the function pthread_create exists in the pthreads failed with the following output:
Change Dir: /home/pi/deep_drive/raspberry/picam/mjpg-streamer/mjpg-streamer-experimental/_build/CMakeFiles/CMakeTmp

Run Build Command:"/usr/bin/make" "cmTC_823c1/fast"
make[1]: Entering directory '/home/pi/deep_drive/raspberry/picam/mjpg-streamer/mjpg-streamer-experimental/_build/CMakeFiles/CMakeTmp'
/usr/bin/make -f CMakeFiles/cmTC_823c1.dir/build.make CMakeFiles/cmTC_823c1.dir/build
make[2]: Entering directory '/home/pi/deep_drive/raspberry/picam/mjpg-streamer/mjpg-streamer-experimental/_build/CMakeFiles/CMakeTmp'
Building C object CMakeFiles/cmTC_823c1.dir/CheckFunctionExists.c.o
/usr/bin/cc    -DCHECK_FUNCTION_EXISTS=pthread_create   -o CMakeFiles/cmTC_823c1.dir/CheckFunctionExists.c.o   -c /usr/share/cmake-3.6/Modules/CheckFunctionExists.c
Linking C executable cmTC_823c1
/usr/bin/cmake -E cmake_link_script CMakeFiles/cmTC_823c1.dir/link.txt --verbose=1
/usr/bin/cc   -DCHECK_FUNCTION_EXISTS=pthread_create    CMakeFiles/cmTC_823c1.dir/CheckFunctionExists.c.o  -o cmTC_823c1 -rdynamic -lpthreads 
/usr/bin/ld: cannot find -lpthreads
collect2: error: ld returned 1 exit status
CMakeFiles/cmTC_823c1.dir/build.make:97: recipe for target 'cmTC_823c1' failed
make[2]: *** [cmTC_823c1] Error 1
make[2]: Leaving directory '/home/pi/deep_drive/raspberry/picam/mjpg-streamer/mjpg-streamer-experimental/_build/CMakeFiles/CMakeTmp'
Makefile:126: recipe for target 'cmTC_823c1/fast' failed
make[1]: *** [cmTC_823c1/fast] Error 2
make[1]: Leaving directory '/home/pi/deep_drive/raspberry/picam/mjpg-streamer/mjpg-streamer-experimental/_build/CMakeFiles/CMakeTmp'


